Performing C SOURCE FILE Test CMAKE_HAVE_LIBC_PTHREAD failed with the following output:
Change Dir: /home/ecs-user/cpp-project/wechat3/cmake-build-debug/CMakeFiles/CMakeTmp

Run Build Command(s):/bin/make cmTC_5e607/fast && /bin/make  -f CMakeFiles/cmTC_5e607.dir/build.make CMakeFiles/cmTC_5e607.dir/build
make[1]: Entering directory `/home/ecs-user/cpp-project/wechat3/cmake-build-debug/CMakeFiles/CMakeTmp'
Building C object CMakeFiles/cmTC_5e607.dir/src.c.o
/bin/cc   -DCMAKE_HAVE_LIBC_PTHREAD   -o CMakeFiles/cmTC_5e607.dir/src.c.o   -c /home/ecs-user/cpp-project/wechat3/cmake-build-debug/CMakeFiles/CMakeTmp/src.c
Linking C executable cmTC_5e607
/usr/bin/cmake3 -E cmake_link_script CMakeFiles/cmTC_5e607.dir/link.txt --verbose=1
/bin/cc  -DCMAKE_HAVE_LIBC_PTHREAD    CMakeFiles/cmTC_5e607.dir/src.c.o  -o cmTC_5e607 
CMakeFiles/cmTC_5e607.dir/src.c.o: In function `main':
src.c:(.text+0x2d): undefined reference to `pthread_create'
src.c:(.text+0x39): undefined reference to `pthread_detach'
src.c:(.text+0x45): undefined reference to `pthread_cancel'
src.c:(.text+0x56): undefined reference to `pthread_join'
src.c:(.text+0x6a): undefined reference to `pthread_atfork'
collect2: error: ld returned 1 exit status
make[1]: *** [cmTC_5e607] Error 1
make[1]: Leaving directory `/home/ecs-user/cpp-project/wechat3/cmake-build-debug/CMakeFiles/CMakeTmp'
make: *** [cmTC_5e607/fast] Error 2


Source file was:
#include <pthread.h>

void* test_func(void* data)
{
  return data;
}

int main(void)
{
  pthread_t thread;
  pthread_create(&thread, NULL, test_func, NULL);
  pthread_detach(thread);
  pthread_cancel(thread);
  pthread_join(thread, NULL);
  pthread_atfork(NULL, NULL, NULL);
  pthread_exit(NULL);

  return 0;
}

Determining if the function pthread_create exists in the pthreads failed with the following output:
Change Dir: /home/ecs-user/cpp-project/wechat3/cmake-build-debug/CMakeFiles/CMakeTmp

Run Build Command(s):/bin/make cmTC_ba3be/fast && /bin/make  -f CMakeFiles/cmTC_ba3be.dir/build.make CMakeFiles/cmTC_ba3be.dir/build
make[1]: Entering directory `/home/ecs-user/cpp-project/wechat3/cmake-build-debug/CMakeFiles/CMakeTmp'
Building C object CMakeFiles/cmTC_ba3be.dir/CheckFunctionExists.c.o
/bin/cc   -DCHECK_FUNCTION_EXISTS=pthread_create   -o CMakeFiles/cmTC_ba3be.dir/CheckFunctionExists.c.o   -c /usr/share/cmake3/Modules/CheckFunctionExists.c
Linking C executable cmTC_ba3be
/usr/bin/cmake3 -E cmake_link_script CMakeFiles/cmTC_ba3be.dir/link.txt --verbose=1
/bin/cc  -DCHECK_FUNCTION_EXISTS=pthread_create    CMakeFiles/cmTC_ba3be.dir/CheckFunctionExists.c.o  -o cmTC_ba3be  -lpthreads 
/bin/ld: cannot find -lpthreads
collect2: error: ld returned 1 exit status
make[1]: *** [cmTC_ba3be] Error 1
make[1]: Leaving directory `/home/ecs-user/cpp-project/wechat3/cmake-build-debug/CMakeFiles/CMakeTmp'
make: *** [cmTC_ba3be/fast] Error 2



